<?xml version="1.0" encoding="UTF-8"?>
<testng-results ignored="0" total="1" passed="1" failed="0" skipped="0">
  <reporter-output>
    <line>
      <![CDATA[done]]>
    </line>
  </reporter-output>
  <suite started-at="2025-10-16T15:14:16 IST" name="Default suite" finished-at="2025-10-16T15:14:24 IST" duration-ms="8406">
    <groups>
    </groups>
    <test started-at="2025-10-16T15:14:16 IST" name="Default test" finished-at="2025-10-16T15:14:24 IST" duration-ms="8406">
      <class name="Assertion.softAssert">
        <test-method signature="m1()[pri:0, instance:Assertion.softAssert@77888435]" started-at="2025-10-16T15:14:16 IST" name="m1" finished-at="2025-10-16T15:14:24 IST" duration-ms="8310" status="PASS">
          <reporter-output>
            <line>
              <![CDATA[done]]>
            </line>
          </reporter-output>
        </test-method> <!-- m1 -->
      </class> <!-- Assertion.softAssert -->
    </test> <!-- Default test -->
  </suite> <!-- Default suite -->
</testng-results>
