<?xml version="1.0" encoding="UTF-8"?>
<!-- Generated by org.testng.reporters.JUnitReportReporter -->
<testsuite hostname="Vikash-PC" failures="0" tests="1" name="Assertion.hardAssert" time="9.661" errors="0" timestamp="2025-10-16T15:04:59 IST" skipped="0">
  <testcase classname="Assertion.hardAssert" name="m1" time="9.661">
    <system-out>
      <![CDATA[done]]>
    </system-out>
  </testcase> <!-- m1 -->
  <system-out>
    <![CDATA[done]]>
  </system-out>
</testsuite> <!-- Assertion.hardAssert -->
