<?xml version="1.0" encoding="UTF-8"?>
<!-- Generated by org.testng.reporters.JUnitReportReporter -->
<testsuite hostname="Vikash-PC" failures="0" tests="1" name="Assertion.softAssert" time="8.310" errors="0" timestamp="2025-10-16T15:14:24 IST" skipped="0">
  <testcase classname="Assertion.softAssert" name="m1" time="8.310">
    <system-out>
      <![CDATA[done]]>
    </system-out>
  </testcase> <!-- m1 -->
  <system-out>
    <![CDATA[done]]>
  </system-out>
</testsuite> <!-- Assertion.softAssert -->
